[1205/101050.563:ERROR:directory_reader_win.cc(43)] FindFirstFile: The system cannot find the path specified. (0x3)
[1205/115936.815:ERROR:directory_reader_win.cc(43)] FindFirstFile: The system cannot find the path specified. (0x3)
[1205/142840.222:ERROR:directory_reader_win.cc(43)] FindFirstFile: The system cannot find the path specified. (0x3)
[1205/155203.204:ERROR:process_info.cc(359)] UncheckedAllocate
[1207/102818.426:ERROR:filesystem_win.cc(129)] GetFileAttributes C:\Users\NARENDRA\AppData\Local\Google\Chrome\User Data\Crashpad\attachments\76beb652-593b-4678-8132-d3fd59ca6e5c: The system cannot find the path specified. (0x3)
[1207/102818.456:ERROR:filesystem_win.cc(129)] GetFileAttributes C:\Users\NARENDRA\AppData\Local\Google\Chrome\User Data\Crashpad\attachments\884028b9-74ed-4d15-9c11-466c2ff6f616: The system cannot find the path specified. (0x3)
[1207/102818.464:ERROR:filesystem_win.cc(129)] GetFileAttributes C:\Users\NARENDRA\AppData\Local\Google\Chrome\User Data\Crashpad\attachments\8a85465c-323a-42d6-83c9-bff956cf7d0a: The system cannot find the path specified. (0x3)
[1207/102818.477:ERROR:filesystem_win.cc(129)] GetFileAttributes C:\Users\NARENDRA\AppData\Local\Google\Chrome\User Data\Crashpad\attachments\d2825f2d-4139-4ac6-9fe0-b884109d1a1a: The system cannot find the path specified. (0x3)
[1207/102818.482:ERROR:directory_reader_win.cc(43)] FindFirstFile: The system cannot find the path specified. (0x3)
[1207/112752.811:ERROR:directory_reader_win.cc(43)] FindFirstFile: The system cannot find the path specified. (0x3)
[1207/160209.813:ERROR:process_info.cc(359)] UncheckedAllocate
[1207/160353.118:ERROR:process_info.cc(359)] UncheckedAllocate
[1207/160542.937:ERROR:process_info.cc(359)] UncheckedAllocate
[1207/161948.652:ERROR:filesystem_win.cc(129)] GetFileAttributes C:\Users\NARENDRA\AppData\Local\Google\Chrome\User Data\Crashpad\attachments\cddc2518-fbea-4dbf-b3f3-0e28aa6686b1: The system cannot find the path specified. (0x3)
[1207/161948.672:ERROR:directory_reader_win.cc(43)] FindFirstFile: The system cannot find the path specified. (0x3)
[1208/103117.896:ERROR:filesystem_win.cc(129)] GetFileAttributes C:\Users\NARENDRA\AppData\Local\Google\Chrome\User Data\Crashpad\attachments\3e75804b-9f36-4167-8290-9a63eab58f6a: The system cannot find the path specified. (0x3)
[1208/103117.945:ERROR:directory_reader_win.cc(43)] FindFirstFile: The system cannot find the path specified. (0x3)
[1208/133402.089:ERROR:directory_reader_win.cc(43)] FindFirstFile: The system cannot find the path specified. (0x3)
[1228/102030.027:ERROR:directory_reader_win.cc(43)] FindFirstFile: The system cannot find the path specified. (0x3)
[1229/145138.484:ERROR:directory_reader_win.cc(43)] FindFirstFile: The system cannot find the path specified. (0x3)
[1230/164706.218:ERROR:directory_reader_win.cc(43)] FindFirstFile: The system cannot find the path specified. (0x3)
[0101/180607.564:ERROR:filesystem_win.cc(129)] GetFileAttributes C:\Users\NARENDRA\AppData\Local\Google\Chrome\User Data\Crashpad\attachments\4f2a9877-dedf-42cf-aac7-fdc0ca96dd81: The system cannot find the path specified. (0x3)
[0101/180607.590:ERROR:filesystem_win.cc(129)] GetFileAttributes C:\Users\NARENDRA\AppData\Local\Google\Chrome\User Data\Crashpad\attachments\8c97db77-d19c-491d-8404-6184846faa76: The system cannot find the path specified. (0x3)
[0101/180607.609:ERROR:filesystem_win.cc(129)] GetFileAttributes C:\Users\NARENDRA\AppData\Local\Google\Chrome\User Data\Crashpad\attachments\a36984d7-1e8f-4208-9d45-9a93a07788ad: The system cannot find the path specified. (0x3)
[0101/180607.643:ERROR:directory_reader_win.cc(43)] FindFirstFile: The system cannot find the path specified. (0x3)
[0102/162821.330:ERROR:directory_reader_win.cc(43)] FindFirstFile: The system cannot find the path specified. (0x3)
[0102/172225.760:ERROR:directory_reader_win.cc(43)] FindFirstFile: The system cannot find the path specified. (0x3)
[0104/105529.443:ERROR:process_info.cc(359)] UncheckedAllocate
[0104/112628.762:ERROR:directory_reader_win.cc(43)] FindFirstFile: The system cannot find the path specified. (0x3)
[0105/160244.477:ERROR:directory_reader_win.cc(43)] FindFirstFile: The system cannot find the path specified. (0x3)
